<?xml version="1.0" encoding="UTF-8"?>
<testng-results skipped="0" failed="0" ignored="0" total="2" passed="2">
  <reporter-output>
  </reporter-output>
  <suite name="Default suite" duration-ms="215" started-at="2017-08-09T08:26:02Z" finished-at="2017-08-09T08:26:03Z">
    <groups>
    </groups>
    <test name="Default test" duration-ms="215" started-at="2017-08-09T08:26:02Z" finished-at="2017-08-09T08:26:03Z">
      <class name="test.autotest.NewTest">
        <test-method status="PASS" signature="testcase1()[pri:0, instance:test.autotest.NewTest@59f99ea]" name="testcase1" duration-ms="154" started-at="2017-08-09T16:26:02Z" finished-at="2017-08-09T16:26:03Z">
          <reporter-output>
          </reporter-output>
        </test-method> <!-- testcase1 -->
      </class> <!-- test.autotest.NewTest -->
      <class name="test.autotest.Test2">
        <test-method status="PASS" signature="testcase21()[pri:0, instance:test.autotest.Test2@47c62251]" name="testcase21" duration-ms="28" started-at="2017-08-09T16:26:03Z" finished-at="2017-08-09T16:26:03Z">
          <reporter-output>
          </reporter-output>
        </test-method> <!-- testcase21 -->
      </class> <!-- test.autotest.Test2 -->
    </test> <!-- Default test -->
  </suite> <!-- Default suite -->
</testng-results>
