<?xml version="1.0" encoding="UTF-8"?>
<testng-results skipped="0" failed="0" ignored="0" total="1" passed="1">
  <reporter-output>
  </reporter-output>
  <suite name="Default suite" duration-ms="624" started-at="2017-08-09T04:12:41Z" finished-at="2017-08-09T04:12:41Z">
    <groups>
    </groups>
    <test name="Default test" duration-ms="624" started-at="2017-08-09T04:12:41Z" finished-at="2017-08-09T04:12:41Z">
      <class name="test.autotest.NewTest">
        <test-method status="PASS" signature="f()[pri:0, instance:test.autotest.NewTest@4b9e13df]" name="f" duration-ms="597" started-at="2017-08-09T12:12:41Z" finished-at="2017-08-09T12:12:41Z">
          <reporter-output>
          </reporter-output>
        </test-method> <!-- f -->
      </class> <!-- test.autotest.NewTest -->
    </test> <!-- Default test -->
  </suite> <!-- Default suite -->
</testng-results>
